::1 - - [01/May/2017:00:50:15 +0000] "GET /images/thumbs/02.jpg HTTP/1.1" 404 159 "http://localhost:8080/" "Mozilla/5.0 (Macintosh; Intel Mac OS X 10_11_3) AppleWebKit/537.36 (KHTML, like Gecko) Chrome/57.0.2987.133 Safari/537.36"
::1 - - [01/May/2017:23:03:03 +0000] "POST /contact HTTP/1.1" - - "http://localhost:8080/" "Mozilla/5.0 (Macintosh; Intel Mac OS X 10_11_3) AppleWebKit/537.36 (KHTML, like Gecko) Chrome/57.0.2987.133 Safari/537.36"
::1 - - [02/May/2017:17:39:31 +0000] "GET /favicon.ico HTTP/1.1" 404 150 "http://localhost:8080/" "Mozilla/5.0 (Macintosh; Intel Mac OS X 10_11_3) AppleWebKit/537.36 (KHTML, like Gecko) Chrome/57.0.2987.133 Safari/537.36"
::1 - - [03/May/2017:00:08:13 +0000] "GET /contact HTTP/1.1" 404 146 "-" "Mozilla/5.0 (Macintosh; Intel Mac OS X 10_11_3) AppleWebKit/537.36 (KHTML, like Gecko) Chrome/57.0.2987.133 Safari/537.36"
::1 - - [04/May/2017:01:02:24 +0000] "GET /dist/sweetalert.css HTTP/1.1" 404 158 "http://localhost:8080/" "Mozilla/5.0 (Macintosh; Intel Mac OS X 10_11_3) AppleWebKit/537.36 (KHTML, like Gecko) Chrome/57.0.2987.133 Safari/537.36"
::1 - - [04/May/2017:01:02:24 +0000] "GET /dist/sweetalert.min.js HTTP/1.1" 404 161 "http://localhost:8080/" "Mozilla/5.0 (Macintosh; Intel Mac OS X 10_11_3) AppleWebKit/537.36 (KHTML, like Gecko) Chrome/57.0.2987.133 Safari/537.36"
::1 - - [04/May/2017:01:02:24 +0000] "GET /dist/sweetalert.min.js HTTP/1.1" 404 161 "http://localhost:8080/" "Mozilla/5.0 (Macintosh; Intel Mac OS X 10_11_3) AppleWebKit/537.36 (KHTML, like Gecko) Chrome/57.0.2987.133 Safari/537.36"
::1 - - [04/May/2017:01:03:21 +0000] "POST / HTTP/1.1" - - "http://localhost:8080/" "Mozilla/5.0 (Macintosh; Intel Mac OS X 10_11_3) AppleWebKit/537.36 (KHTML, like Gecko) Chrome/57.0.2987.133 Safari/537.36"
::1 - - [04/May/2017:01:03:21 +0000] "GET /dist/sweetalert.css HTTP/1.1" 404 158 "http://localhost:8080/" "Mozilla/5.0 (Macintosh; Intel Mac OS X 10_11_3) AppleWebKit/537.36 (KHTML, like Gecko) Chrome/57.0.2987.133 Safari/537.36"
::1 - - [04/May/2017:01:03:22 +0000] "GET /dist/sweetalert.min.js HTTP/1.1" 404 161 "http://localhost:8080/" "Mozilla/5.0 (Macintosh; Intel Mac OS X 10_11_3) AppleWebKit/537.36 (KHTML, like Gecko) Chrome/57.0.2987.133 Safari/537.36"
::1 - - [04/May/2017:01:03:22 +0000] "GET /dist/sweetalert.min.js HTTP/1.1" 404 161 "http://localhost:8080/" "Mozilla/5.0 (Macintosh; Intel Mac OS X 10_11_3) AppleWebKit/537.36 (KHTML, like Gecko) Chrome/57.0.2987.133 Safari/537.36"
::1 - - [04/May/2017:01:08:08 +0000] "GET /dist/sweetalert.css HTTP/1.1" 404 158 "http://localhost:8080/" "Mozilla/5.0 (Macintosh; Intel Mac OS X 10_11_3) AppleWebKit/537.36 (KHTML, like Gecko) Chrome/57.0.2987.133 Safari/537.36"
::1 - - [04/May/2017:01:08:09 +0000] "GET /dist/sweetalert.min.js HTTP/1.1" 404 161 "http://localhost:8080/" "Mozilla/5.0 (Macintosh; Intel Mac OS X 10_11_3) AppleWebKit/537.36 (KHTML, like Gecko) Chrome/57.0.2987.133 Safari/537.36"
::1 - - [04/May/2017:01:08:09 +0000] "GET /dist/sweetalert.min.js HTTP/1.1" 404 161 "http://localhost:8080/" "Mozilla/5.0 (Macintosh; Intel Mac OS X 10_11_3) AppleWebKit/537.36 (KHTML, like Gecko) Chrome/57.0.2987.133 Safari/537.36"
::1 - - [04/May/2017:01:08:30 +0000] "GET /dist/sweetalert.css HTTP/1.1" 404 158 "http://localhost:8080/" "Mozilla/5.0 (Macintosh; Intel Mac OS X 10_11_3) AppleWebKit/537.36 (KHTML, like Gecko) Chrome/57.0.2987.133 Safari/537.36"
::1 - - [04/May/2017:01:08:30 +0000] "GET /dist/sweetalert.min.js HTTP/1.1" 404 161 "http://localhost:8080/" "Mozilla/5.0 (Macintosh; Intel Mac OS X 10_11_3) AppleWebKit/537.36 (KHTML, like Gecko) Chrome/57.0.2987.133 Safari/537.36"
::1 - - [04/May/2017:01:08:30 +0000] "GET /dist/sweetalert.min.js HTTP/1.1" 404 161 "http://localhost:8080/" "Mozilla/5.0 (Macintosh; Intel Mac OS X 10_11_3) AppleWebKit/537.36 (KHTML, like Gecko) Chrome/57.0.2987.133 Safari/537.36"
::1 - - [04/May/2017:01:09:08 +0000] "GET /dist/sweetalert.css HTTP/1.1" 404 158 "http://localhost:8080/" "Mozilla/5.0 (Macintosh; Intel Mac OS X 10_11_3) AppleWebKit/537.36 (KHTML, like Gecko) Chrome/57.0.2987.133 Safari/537.36"
::1 - - [04/May/2017:01:09:08 +0000] "GET /dist/sweetalert.min.js HTTP/1.1" 404 161 "http://localhost:8080/" "Mozilla/5.0 (Macintosh; Intel Mac OS X 10_11_3) AppleWebKit/537.36 (KHTML, like Gecko) Chrome/57.0.2987.133 Safari/537.36"
::1 - - [04/May/2017:01:09:08 +0000] "GET /dist/sweetalert.min.js HTTP/1.1" 404 161 "http://localhost:8080/" "Mozilla/5.0 (Macintosh; Intel Mac OS X 10_11_3) AppleWebKit/537.36 (KHTML, like Gecko) Chrome/57.0.2987.133 Safari/537.36"
::1 - - [04/May/2017:01:11:08 +0000] "GET /dist/sweetalert.css HTTP/1.1" 404 158 "http://localhost:8080/" "Mozilla/5.0 (Macintosh; Intel Mac OS X 10_11_3) AppleWebKit/537.36 (KHTML, like Gecko) Chrome/57.0.2987.133 Safari/537.36"
::1 - - [04/May/2017:01:11:08 +0000] "GET /dist/sweetalert.min.js HTTP/1.1" 404 161 "http://localhost:8080/" "Mozilla/5.0 (Macintosh; Intel Mac OS X 10_11_3) AppleWebKit/537.36 (KHTML, like Gecko) Chrome/57.0.2987.133 Safari/537.36"
::1 - - [04/May/2017:01:11:08 +0000] "GET /dist/sweetalert.min.js HTTP/1.1" 404 161 "http://localhost:8080/" "Mozilla/5.0 (Macintosh; Intel Mac OS X 10_11_3) AppleWebKit/537.36 (KHTML, like Gecko) Chrome/57.0.2987.133 Safari/537.36"
::1 - - [04/May/2017:01:11:21 +0000] "GET /dist/sweetalert.css HTTP/1.1" 404 158 "http://localhost:8080/" "Mozilla/5.0 (Macintosh; Intel Mac OS X 10_11_3) AppleWebKit/537.36 (KHTML, like Gecko) Chrome/57.0.2987.133 Safari/537.36"
::1 - - [04/May/2017:01:11:21 +0000] "GET /dist/sweetalert.min.js HTTP/1.1" 404 161 "http://localhost:8080/" "Mozilla/5.0 (Macintosh; Intel Mac OS X 10_11_3) AppleWebKit/537.36 (KHTML, like Gecko) Chrome/57.0.2987.133 Safari/537.36"
::1 - - [04/May/2017:01:11:21 +0000] "GET /dist/sweetalert.min.js HTTP/1.1" 404 161 "http://localhost:8080/" "Mozilla/5.0 (Macintosh; Intel Mac OS X 10_11_3) AppleWebKit/537.36 (KHTML, like Gecko) Chrome/57.0.2987.133 Safari/537.36"
::1 - - [04/May/2017:01:11:25 +0000] "GET /dist/sweetalert.css HTTP/1.1" 404 158 "http://localhost:8080/" "Mozilla/5.0 (Macintosh; Intel Mac OS X 10_11_3) AppleWebKit/537.36 (KHTML, like Gecko) Chrome/57.0.2987.133 Safari/537.36"
::1 - - [04/May/2017:01:12:16 +0000] "GET /dist/sweetalert.css HTTP/1.1" 404 158 "http://localhost:8080/" "Mozilla/5.0 (Macintosh; Intel Mac OS X 10_11_3) AppleWebKit/537.36 (KHTML, like Gecko) Chrome/57.0.2987.133 Safari/537.36"
::1 - - [04/May/2017:01:12:16 +0000] "GET /dist/sweetalert.min.js HTTP/1.1" 404 161 "http://localhost:8080/" "Mozilla/5.0 (Macintosh; Intel Mac OS X 10_11_3) AppleWebKit/537.36 (KHTML, like Gecko) Chrome/57.0.2987.133 Safari/537.36"
::1 - - [04/May/2017:01:12:16 +0000] "GET /dist/sweetalert.min.js HTTP/1.1" 404 161 "http://localhost:8080/" "Mozilla/5.0 (Macintosh; Intel Mac OS X 10_11_3) AppleWebKit/537.36 (KHTML, like Gecko) Chrome/57.0.2987.133 Safari/537.36"
::1 - - [04/May/2017:01:34:05 +0000] "POST / HTTP/1.1" - - "http://localhost:8080/" "Mozilla/5.0 (Macintosh; Intel Mac OS X 10_11_3) AppleWebKit/537.36 (KHTML, like Gecko) Chrome/57.0.2987.133 Safari/537.36"
::1 - - [04/May/2017:01:38:45 +0000] "POST / HTTP/1.1" - - "http://localhost:8080/" "Mozilla/5.0 (Macintosh; Intel Mac OS X 10_11_3) AppleWebKit/537.36 (KHTML, like Gecko) Chrome/57.0.2987.133 Safari/537.36"
::1 - - [04/May/2017:01:40:50 +0000] "POST / HTTP/1.1" - - "http://localhost:8080/" "Mozilla/5.0 (Macintosh; Intel Mac OS X 10_11_3) AppleWebKit/537.36 (KHTML, like Gecko) Chrome/57.0.2987.133 Safari/537.36"
::1 - - [04/May/2017:01:43:48 +0000] "POST / HTTP/1.1" 302 46 "http://localhost:8080/" "Mozilla/5.0 (Macintosh; Intel Mac OS X 10_11_3) AppleWebKit/537.36 (KHTML, like Gecko) Chrome/57.0.2987.133 Safari/537.36"
::1 - - [04/May/2017:01:47:17 +0000] "POST / HTTP/1.1" 200 - "http://localhost:8080/" "Mozilla/5.0 (Macintosh; Intel Mac OS X 10_11_3) AppleWebKit/537.36 (KHTML, like Gecko) Chrome/57.0.2987.133 Safari/537.36"
::1 - - [04/May/2017:01:49:45 +0000] "POST / HTTP/1.1" 200 2 "http://localhost:8080/" "Mozilla/5.0 (Macintosh; Intel Mac OS X 10_11_3) AppleWebKit/537.36 (KHTML, like Gecko) Chrome/57.0.2987.133 Safari/537.36"
::1 - - [04/May/2017:01:50:02 +0000] "POST / HTTP/1.1" 200 2 "http://localhost:8080/" "Mozilla/5.0 (Macintosh; Intel Mac OS X 10_11_3) AppleWebKit/537.36 (KHTML, like Gecko) Chrome/57.0.2987.133 Safari/537.36"
::1 - - [04/May/2017:01:55:12 +0000] "POST / HTTP/1.1" - - "http://localhost:8080/" "Mozilla/5.0 (Macintosh; Intel Mac OS X 10_11_3) AppleWebKit/537.36 (KHTML, like Gecko) Chrome/57.0.2987.133 Safari/537.36"
::1 - - [04/May/2017:01:57:12 +0000] "POST / HTTP/1.1" - - "http://localhost:8080/" "Mozilla/5.0 (Macintosh; Intel Mac OS X 10_11_3) AppleWebKit/537.36 (KHTML, like Gecko) Chrome/57.0.2987.133 Safari/537.36"
::1 - - [04/May/2017:03:47:49 +0000] "POST / HTTP/1.1" 302 46 "http://localhost:8080/" "Mozilla/5.0 (Macintosh; Intel Mac OS X 10_11_3) AppleWebKit/537.36 (KHTML, like Gecko) Chrome/57.0.2987.133 Safari/537.36"
::1 - - [04/May/2017:03:53:40 +0000] "POST / HTTP/1.1" 302 88 "http://localhost:8080/" "Mozilla/5.0 (Macintosh; Intel Mac OS X 10_11_3) AppleWebKit/537.36 (KHTML, like Gecko) Chrome/57.0.2987.133 Safari/537.36"
::1 - - [04/May/2017:14:50:52 +0000] "POST / HTTP/1.1" - - "http://localhost:8080/" "Mozilla/5.0 (Macintosh; Intel Mac OS X 10_11_3) AppleWebKit/537.36 (KHTML, like Gecko) Chrome/57.0.2987.133 Safari/537.36"
::1 - - [04/May/2017:14:50:52 +0000] "POST / HTTP/1.1" - - "http://localhost:8080/" "Mozilla/5.0 (Macintosh; Intel Mac OS X 10_11_3) AppleWebKit/537.36 (KHTML, like Gecko) Chrome/57.0.2987.133 Safari/537.36"
::1 - - [04/May/2017:14:52:30 +0000] "POST / HTTP/1.1" - - "http://localhost:8080/" "Mozilla/5.0 (Macintosh; Intel Mac OS X 10_11_3) AppleWebKit/537.36 (KHTML, like Gecko) Chrome/57.0.2987.133 Safari/537.36"
::1 - - [04/May/2017:14:54:47 +0000] "POST / HTTP/1.1" - - "http://localhost:8080/" "Mozilla/5.0 (Macintosh; Intel Mac OS X 10_11_3) AppleWebKit/537.36 (KHTML, like Gecko) Chrome/57.0.2987.133 Safari/537.36"
::1 - - [04/May/2017:14:57:56 +0000] "POST / HTTP/1.1" - - "http://localhost:8080/" "Mozilla/5.0 (Macintosh; Intel Mac OS X 10_11_3) AppleWebKit/537.36 (KHTML, like Gecko) Chrome/57.0.2987.133 Safari/537.36"
::1 - - [04/May/2017:22:02:40 +0000] "GET /fr HTTP/1.1" 404 239 "http://localhost:8080/" "Mozilla/5.0 (Macintosh; Intel Mac OS X 10_11_3) AppleWebKit/537.36 (KHTML, like Gecko) Chrome/57.0.2987.133 Safari/537.36"
::1 - - [04/May/2017:22:03:39 +0000] "GET /fr HTTP/1.1" 404 239 "http://localhost:8080/" "Mozilla/5.0 (Macintosh; Intel Mac OS X 10_11_3) AppleWebKit/537.36 (KHTML, like Gecko) Chrome/57.0.2987.133 Safari/537.36"
::1 - - [04/May/2017:22:05:05 +0000] "GET /fr HTTP/1.1" 404 239 "http://localhost:8080/" "Mozilla/5.0 (Macintosh; Intel Mac OS X 10_11_3) AppleWebKit/537.36 (KHTML, like Gecko) Chrome/57.0.2987.133 Safari/537.36"
::1 - - [04/May/2017:22:05:25 +0000] "GET /fr HTTP/1.1" 404 239 "http://localhost:8080/" "Mozilla/5.0 (Macintosh; Intel Mac OS X 10_11_3) AppleWebKit/537.36 (KHTML, like Gecko) Chrome/57.0.2987.133 Safari/537.36"
::1 - - [04/May/2017:22:06:42 +0000] "GET /fr HTTP/1.1" 404 243 "http://localhost:8080/" "Mozilla/5.0 (Macintosh; Intel Mac OS X 10_11_3) AppleWebKit/537.36 (KHTML, like Gecko) Chrome/57.0.2987.133 Safari/537.36"
::1 - - [04/May/2017:22:07:01 +0000] "GET /fr HTTP/1.1" 200 70537 "http://localhost:8080/" "Mozilla/5.0 (Macintosh; Intel Mac OS X 10_11_3) AppleWebKit/537.36 (KHTML, like Gecko) Chrome/57.0.2987.133 Safari/537.36"
::1 - - [04/May/2017:22:07:03 +0000] "GET /fr HTTP/1.1" 304 - "http://localhost:8080/fr" "Mozilla/5.0 (Macintosh; Intel Mac OS X 10_11_3) AppleWebKit/537.36 (KHTML, like Gecko) Chrome/57.0.2987.133 Safari/537.36"
::1 - - [04/May/2017:22:07:53 +0000] "GET /fr HTTP/1.1" 200 70548 "http://localhost:8080/fr" "Mozilla/5.0 (Macintosh; Intel Mac OS X 10_11_3) AppleWebKit/537.36 (KHTML, like Gecko) Chrome/57.0.2987.133 Safari/537.36"
::1 - - [04/May/2017:22:08:29 +0000] "GET /fr HTTP/1.1" 200 70546 "http://localhost:8080/fr" "Mozilla/5.0 (Macintosh; Intel Mac OS X 10_11_3) AppleWebKit/537.36 (KHTML, like Gecko) Chrome/57.0.2987.133 Safari/537.36"
::1 - - [04/May/2017:22:10:14 +0000] "GET /fr HTTP/1.1" 304 - "http://localhost:8080/" "Mozilla/5.0 (Macintosh; Intel Mac OS X 10_11_3) AppleWebKit/537.36 (KHTML, like Gecko) Chrome/57.0.2987.133 Safari/537.36"
::1 - - [04/May/2017:22:13:13 +0000] "GET /fr HTTP/1.1" 304 - "http://localhost:8080/" "Mozilla/5.0 (Macintosh; Intel Mac OS X 10_11_3) AppleWebKit/537.36 (KHTML, like Gecko) Chrome/57.0.2987.133 Safari/537.36"
::1 - - [04/May/2017:22:15:49 +0000] "POST / HTTP/1.1" - - "http://localhost:8080/fr" "Mozilla/5.0 (Macintosh; Intel Mac OS X 10_11_3) AppleWebKit/537.36 (KHTML, like Gecko) Chrome/57.0.2987.133 Safari/537.36"
::1 - - [04/May/2017:22:16:13 +0000] "POST / HTTP/1.1" - - "http://localhost:8080/fr" "Mozilla/5.0 (Macintosh; Intel Mac OS X 10_11_3) AppleWebKit/537.36 (KHTML, like Gecko) Chrome/57.0.2987.133 Safari/537.36"
::1 - - [04/May/2017:22:25:43 +0000] "GET /fr HTTP/1.1" 304 - "http://localhost:8080/" "Mozilla/5.0 (Macintosh; Intel Mac OS X 10_11_3) AppleWebKit/537.36 (KHTML, like Gecko) Chrome/57.0.2987.133 Safari/537.36"
::1 - - [05/May/2017:00:53:01 +0000] "GET /favicon.ico HTTP/1.1" 404 150 "http://localhost:8080/" "Mozilla/5.0 (Macintosh; Intel Mac OS X 10_11_3) AppleWebKit/537.36 (KHTML, like Gecko) Chrome/58.0.3029.96 Safari/537.36"
::1 - - [05/May/2017:01:04:33 +0000] "GET /images/thumbs/03.jpg HTTP/1.1" 404 159 "http://localhost:8080/" "Mozilla/5.0 (Macintosh; Intel Mac OS X 10_11_3) AppleWebKit/537.36 (KHTML, like Gecko) Chrome/58.0.3029.96 Safari/537.36"
::1 - - [05/May/2017:01:04:33 +0000] "GET /images/thumbs/03.jpg HTTP/1.1" 404 159 "http://localhost:8080/" "Mozilla/5.0 (Macintosh; Intel Mac OS X 10_11_3) AppleWebKit/537.36 (KHTML, like Gecko) Chrome/58.0.3029.96 Safari/537.36"
::1 - - [05/May/2017:01:08:38 +0000] "GET /fr HTTP/1.1" 304 - "http://localhost:8080/" "Mozilla/5.0 (Macintosh; Intel Mac OS X 10_11_3) AppleWebKit/537.36 (KHTML, like Gecko) Chrome/58.0.3029.96 Safari/537.36"
::1 - - [05/May/2017:01:45:05 +0000] "GET /fr HTTP/1.1" 304 - "http://localhost:8080/" "Mozilla/5.0 (Linux; Android 6.0; Nexus 5 Build/MRA58N) AppleWebKit/537.36 (KHTML, like Gecko) Chrome/58.0.3029.96 Mobile Safari/537.36"
::1 - - [05/May/2017:02:10:24 +0000] "GET /fr HTTP/1.1" 304 - "http://localhost:8080/" "Mozilla/5.0 (Macintosh; Intel Mac OS X 10_11_3) AppleWebKit/537.36 (KHTML, like Gecko) Chrome/58.0.3029.96 Safari/537.36"
::1 - - [05/May/2017:20:53:53 +0000] "GET /fr HTTP/1.1" 304 - "http://localhost:8080/" "Mozilla/5.0 (Macintosh; Intel Mac OS X 10_11_3) AppleWebKit/537.36 (KHTML, like Gecko) Chrome/58.0.3029.96 Safari/537.36"
::1 - - [05/May/2017:20:55:31 +0000] "GET /fr HTTP/1.1" 304 - "http://localhost:8080/" "Mozilla/5.0 (Macintosh; Intel Mac OS X 10_11_3) AppleWebKit/537.36 (KHTML, like Gecko) Chrome/58.0.3029.96 Safari/537.36"
::1 - - [05/May/2017:21:10:24 +0000] "GET /fr HTTP/1.1" 304 - "http://localhost:8080/" "Mozilla/5.0 (iPhone; CPU iPhone OS 9_1 like Mac OS X) AppleWebKit/601.1.46 (KHTML, like Gecko) Version/9.0 Mobile/13B143 Safari/601.1"
::1 - - [05/May/2017:21:11:26 +0000] "GET /fr HTTP/1.1" 304 - "http://localhost:8080/" "Mozilla/5.0 (iPhone; CPU iPhone OS 9_1 like Mac OS X) AppleWebKit/601.1.46 (KHTML, like Gecko) Version/9.0 Mobile/13B143 Safari/601.1"
::1 - - [05/May/2017:21:14:24 +0000] "GET /fr HTTP/1.1" 304 - "http://localhost:8080/" "Mozilla/5.0 (iPhone; CPU iPhone OS 9_1 like Mac OS X) AppleWebKit/601.1.46 (KHTML, like Gecko) Version/9.0 Mobile/13B143 Safari/601.1"
::1 - - [05/May/2017:21:14:38 +0000] "GET /fr HTTP/1.1" 304 - "http://localhost:8080/" "Mozilla/5.0 (iPhone; CPU iPhone OS 9_1 like Mac OS X) AppleWebKit/601.1.46 (KHTML, like Gecko) Version/9.0 Mobile/13B143 Safari/601.1"
::1 - - [05/May/2017:21:18:27 +0000] "GET /fr HTTP/1.1" 304 - "http://localhost:8080/" "Mozilla/5.0 (iPhone; CPU iPhone OS 9_1 like Mac OS X) AppleWebKit/601.1.46 (KHTML, like Gecko) Version/9.0 Mobile/13B143 Safari/601.1"
::1 - - [05/May/2017:21:20:20 +0000] "GET /fr HTTP/1.1" 304 - "http://localhost:8080/" "Mozilla/5.0 (iPhone; CPU iPhone OS 9_1 like Mac OS X) AppleWebKit/601.1.46 (KHTML, like Gecko) Version/9.0 Mobile/13B143 Safari/601.1"
::1 - - [05/May/2017:21:20:24 +0000] "GET /fr HTTP/1.1" 304 - "http://localhost:8080/" "Mozilla/5.0 (iPhone; CPU iPhone OS 9_1 like Mac OS X) AppleWebKit/601.1.46 (KHTML, like Gecko) Version/9.0 Mobile/13B143 Safari/601.1"
::1 - - [05/May/2017:21:20:57 +0000] "GET /fr HTTP/1.1" 304 - "http://localhost:8080/" "Mozilla/5.0 (iPhone; CPU iPhone OS 9_1 like Mac OS X) AppleWebKit/601.1.46 (KHTML, like Gecko) Version/9.0 Mobile/13B143 Safari/601.1"
::1 - - [05/May/2017:21:21:35 +0000] "GET /fr HTTP/1.1" 304 - "http://localhost:8080/" "Mozilla/5.0 (iPhone; CPU iPhone OS 9_1 like Mac OS X) AppleWebKit/601.1.46 (KHTML, like Gecko) Version/9.0 Mobile/13B143 Safari/601.1"
